2026-04-22 17:22:07,110 - INFO - Bot token loaded: xoxb-10940...
2026-04-22 17:22:07,111 - INFO - App token loaded: xapp-1-A0A...
2026-04-22 17:22:08,980 - INFO - Socket handler created successfully
2026-04-22 17:22:09,549 - INFO - Starting to receive messages from a new connection (session id: 52f6ad49-05d2-44b0-9e81-80ef2bc50c48)
2026-04-22 17:22:09,550 - INFO - A new session has been established (session id: 52f6ad49-05d2-44b0-9e81-80ef2bc50c48)
2026-04-22 17:22:09,551 - INFO - Bolt app is running!
2026-04-22 17:24:59,717 - ERROR - on_error invoked (session id: 52f6ad49-05d2-44b0-9e81-80ef2bc50c48, error: ConnectionResetError, message: [WinError 10054] An existing connection was forcibly closed by the remote host)
2026-04-22 17:24:59,791 - INFO - The connection has been closed (session id: 52f6ad49-05d2-44b0-9e81-80ef2bc50c48)
2026-04-22 17:24:59,825 - INFO - Stopped receiving messages from a connection (session id: 52f6ad49-05d2-44b0-9e81-80ef2bc50c48)
2026-04-22 17:25:09,674 - INFO - The session seems to be already closed. Reconnecting... (session id: 52f6ad49-05d2-44b0-9e81-80ef2bc50c48)
2026-04-22 17:25:09,681 - INFO - Connecting to a new endpoint...
2026-04-22 17:25:10,975 - INFO - The connection has been closed (session id: 52f6ad49-05d2-44b0-9e81-80ef2bc50c48)
2026-04-22 17:25:10,976 - INFO - A new session has been established (session id: 8b26e92b-81ff-49fb-a8f0-0eb4cf85f638)
2026-04-22 17:25:10,976 - INFO - Connected to a new endpoint...
2026-04-22 17:25:11,008 - INFO - Starting to receive messages from a new connection (session id: 8b26e92b-81ff-49fb-a8f0-0eb4cf85f638)
2026-04-22 17:28:01,157 - ERROR - on_error invoked (session id: 8b26e92b-81ff-49fb-a8f0-0eb4cf85f638, error: ConnectionResetError, message: [WinError 10054] An existing connection was forcibly closed by the remote host)
2026-04-22 17:28:01,200 - INFO - The connection has been closed (session id: 8b26e92b-81ff-49fb-a8f0-0eb4cf85f638)
2026-04-22 17:28:01,215 - INFO - Stopped receiving messages from a connection (session id: 8b26e92b-81ff-49fb-a8f0-0eb4cf85f638)
2026-04-22 17:28:11,103 - INFO - The session seems to be already closed. Reconnecting... (session id: 8b26e92b-81ff-49fb-a8f0-0eb4cf85f638)
2026-04-22 17:28:11,106 - INFO - Connecting to a new endpoint...
2026-04-22 17:28:11,769 - INFO - The connection has been closed (session id: 8b26e92b-81ff-49fb-a8f0-0eb4cf85f638)
2026-04-22 17:28:11,769 - INFO - A new session has been established (session id: 53093606-50b9-4012-a99d-532cfceb8e4e)
2026-04-22 17:28:11,770 - INFO - Connected to a new endpoint...
2026-04-22 17:28:11,852 - INFO - Starting to receive messages from a new connection (session id: 53093606-50b9-4012-a99d-532cfceb8e4e)
2026-04-22 18:33:58,587 - INFO - Bot token loaded: xoxb-10940...
2026-04-22 18:33:58,590 - INFO - App token loaded: xapp-1-A0A...
2026-04-22 18:34:02,718 - INFO - Socket handler created successfully
2026-04-22 18:34:03,310 - INFO - A new session has been established (session id: b239c60d-4781-4df7-99eb-2017cc42bf3a)
2026-04-22 18:34:03,311 - INFO - Bolt app is running!
2026-04-22 18:34:03,320 - INFO - Starting to receive messages from a new connection (session id: b239c60d-4781-4df7-99eb-2017cc42bf3a)
2026-04-23 17:37:56,544 - INFO - Bot token loaded: xoxb-10940...
2026-04-23 17:37:56,546 - INFO - App token loaded: xapp-1-A0A...
2026-04-23 17:47:30,421 - INFO - Bot token loaded: xoxb-10940...
2026-04-23 17:47:30,428 - INFO - App token loaded: xapp-1-A0A...
2026-04-23 17:50:47,338 - INFO - Bot token loaded: xoxb-10940...
2026-04-23 17:50:47,340 - INFO - App token loaded: xapp-1-A0A...
2026-04-23 17:53:14,506 - INFO - Bot token loaded: xoxb-10940...
2026-04-23 17:53:14,508 - INFO - App token loaded: xapp-1-A0A...
2026-04-23 17:53:23,960 - INFO - Sent motivational message to #motivation
2026-04-24 18:24:40,381 - INFO - Bot token loaded: xoxb-10940...
2026-04-24 18:24:40,384 - INFO - App token loaded: xapp-1-A0A...
2026-04-24 18:24:47,208 - INFO - Socket handler created successfully
2026-04-24 18:24:48,068 - INFO - A new session has been established (session id: 53f08299-1b00-43b7-afa4-a88571e899d9)
2026-04-24 18:24:48,076 - INFO - Bolt app is running!
2026-04-24 18:24:48,077 - INFO - Starting to receive messages from a new connection (session id: 53f08299-1b00-43b7-afa4-a88571e899d9)
2026-04-24 18:36:32,257 - ERROR - on_error invoked (session id: 53f08299-1b00-43b7-afa4-a88571e899d9, error: ConnectionResetError, message: [WinError 10054] An existing connection was forcibly closed by the remote host)
2026-04-24 18:36:33,071 - INFO - The connection has been closed (session id: 53f08299-1b00-43b7-afa4-a88571e899d9)
2026-04-24 18:36:33,374 - INFO - Stopped receiving messages from a connection (session id: 53f08299-1b00-43b7-afa4-a88571e899d9)
2026-04-24 18:36:39,220 - INFO - The session seems to be already closed. Reconnecting... (session id: 53f08299-1b00-43b7-afa4-a88571e899d9)
2026-04-24 18:36:39,228 - INFO - Connecting to a new endpoint...
2026-04-24 18:36:39,382 - ERROR - Failed to send a request to Slack API server: <urlopen error [Errno 11001] getaddrinfo failed>
2026-04-24 18:36:40,637 - INFO - Going to retry the same request: POST https://slack.com/api/apps.connections.open
2026-04-24 18:36:40,648 - ERROR - Failed to send a request to Slack API server: <urlopen error [Errno 11001] getaddrinfo failed>
2026-04-24 18:36:40,652 - ERROR - Failed to check the current session or reconnect to the server (session id: 53f08299-1b00-43b7-afa4-a88571e899d9, error: URLError, message: <urlopen error [Errno 11001] getaddrinfo failed>)
2026-04-24 18:36:50,663 - INFO - The session seems to be already closed. Reconnecting... (session id: 53f08299-1b00-43b7-afa4-a88571e899d9)
2026-04-24 18:36:50,664 - INFO - Connecting to a new endpoint...
2026-04-24 18:36:52,468 - INFO - The connection has been closed (session id: 53f08299-1b00-43b7-afa4-a88571e899d9)
2026-04-24 18:36:52,468 - INFO - A new session has been established (session id: 1fd9fb64-8409-430b-ab09-d57cd1f806dc)
2026-04-24 18:36:52,470 - INFO - Connected to a new endpoint...
2026-04-24 18:36:52,536 - INFO - Starting to receive messages from a new connection (session id: 1fd9fb64-8409-430b-ab09-d57cd1f806dc)
2026-04-24 19:15:11,563 - ERROR - on_error invoked (session id: 1fd9fb64-8409-430b-ab09-d57cd1f806dc, error: ConnectionResetError, message: [WinError 10054] An existing connection was forcibly closed by the remote host)
2026-04-24 19:15:14,434 - INFO - The connection has been closed (session id: 1fd9fb64-8409-430b-ab09-d57cd1f806dc)
2026-04-24 19:15:15,578 - INFO - The session seems to be already closed. Reconnecting... (session id: 1fd9fb64-8409-430b-ab09-d57cd1f806dc)
2026-04-24 19:15:15,582 - INFO - Stopped receiving messages from a connection (session id: 1fd9fb64-8409-430b-ab09-d57cd1f806dc)
2026-04-24 19:15:15,591 - INFO - Connecting to a new endpoint...
2026-04-24 19:15:17,431 - INFO - The connection has been closed (session id: 1fd9fb64-8409-430b-ab09-d57cd1f806dc)
2026-04-24 19:15:17,432 - INFO - A new session has been established (session id: cd075197-7107-4fac-bee6-2b505ef9b54b)
2026-04-24 19:15:17,433 - INFO - Connected to a new endpoint...
2026-04-24 19:15:17,533 - INFO - Starting to receive messages from a new connection (session id: cd075197-7107-4fac-bee6-2b505ef9b54b)
2026-04-24 20:30:56,716 - INFO - Bot token loaded: xoxb-10940...
2026-04-24 20:30:56,718 - INFO - App token loaded: xapp-1-A0A...
2026-04-24 20:30:58,567 - INFO - Socket handler created successfully
2026-04-24 20:30:59,042 - INFO - A new session has been established (session id: f7831c87-c9e5-4a85-89cc-758b942ec699)
2026-04-24 20:30:59,043 - INFO - Bolt app is running!
2026-04-24 20:30:59,117 - INFO - Starting to receive messages from a new connection (session id: f7831c87-c9e5-4a85-89cc-758b942ec699)
2026-04-24 20:32:55,147 - ERROR - Failed to run listener function (error: Client.__init__() got an unexpected keyword argument 'proxy')
Traceback (most recent call last):
  File "C:\Users\olian\Downloads\colorstack-slack-bot\venv\Lib\site-packages\slack_bolt\listener\thread_runner.py", line 120, in run_ack_function_asynchronously
    listener.run_ack_function(request=request, response=response)
    ~~~~~~~~~~~~~~~~~~~~~~~~~^^^^^^^^^^^^^^^^^^^^^^^^^^^^^^^^^^^^
  File "C:\Users\olian\Downloads\colorstack-slack-bot\venv\Lib\site-packages\slack_bolt\listener\custom_listener.py", line 53, in run_ack_function
    return self.ack_function(
           ~~~~~~~~~~~~~~~~~^
        **build_required_kwargs(
        ^^^^^^^^^^^^^^^^^^^^^^^^
    ...<5 lines>...
        )
        ^
    )
    ^
  File "c:\Users\olian\Downloads\colorstack-slack-bot\bot.py", line 68, in handle_command
    log_solve(body["user_id"],body["text"])
    ~~~~~~~~~^^^^^^^^^^^^^^^^^^^^^^^^^^^^^^
  File "c:\Users\olian\Downloads\colorstack-slack-bot\bot.py", line 60, in log_solve
    supabase.table("scores").insert(data).execute
    ~~~~~~~~~~~~~~^^^^^^^^^^
  File "C:\Users\olian\Downloads\colorstack-slack-bot\venv\Lib\site-packages\supabase\_sync\client.py", line 124, in table
    return self.from_(table_name)
           ~~~~~~~~~~^^^^^^^^^^^^
  File "C:\Users\olian\Downloads\colorstack-slack-bot\venv\Lib\site-packages\supabase\_sync\client.py", line 144, in from_
    return self.postgrest.from_(table_name)
           ^^^^^^^^^^^^^^
  File "C:\Users\olian\Downloads\colorstack-slack-bot\venv\Lib\site-packages\supabase\_sync\client.py", line 171, in postgrest
    self._postgrest = self._init_postgrest_client(
                      ~~~~~~~~~~~~~~~~~~~~~~~~~~~^
        rest_url=self.rest_url,
        ^^^^^^^^^^^^^^^^^^^^^^^
    ...<2 lines>...
        timeout=self.options.postgrest_client_timeout,
        ^^^^^^^^^^^^^^^^^^^^^^^^^^^^^^^^^^^^^^^^^^^^^^
    )
    ^
  File "C:\Users\olian\Downloads\colorstack-slack-bot\venv\Lib\site-packages\supabase\_sync\client.py", line 262, in _init_postgrest_client
    return SyncPostgrestClient(
        rest_url,
    ...<3 lines>...
        verify=verify,
    )
  File "C:\Users\olian\Downloads\colorstack-slack-bot\venv\Lib\site-packages\postgrest\_sync\client.py", line 34, in __init__
    BasePostgrestClient.__init__(
    ~~~~~~~~~~~~~~~~~~~~~~~~~~~~^
        self,
        ^^^^^
    ...<5 lines>...
        proxy=proxy,
        ^^^^^^^^^^^^
    )
    ^
  File "C:\Users\olian\Downloads\colorstack-slack-bot\venv\Lib\site-packages\postgrest\base_client.py", line 29, in __init__
    self.session = self.create_session(base_url, headers, timeout, verify, proxy)
                   ~~~~~~~~~~~~~~~~~~~^^^^^^^^^^^^^^^^^^^^^^^^^^^^^^^^^^^^^^^^^^^
  File "C:\Users\olian\Downloads\colorstack-slack-bot\venv\Lib\site-packages\postgrest\_sync\client.py", line 53, in create_session
    return SyncClient(
        base_url=base_url,
    ...<5 lines>...
        http2=True,
    )
TypeError: Client.__init__() got an unexpected keyword argument 'proxy'
